In file included from [01m[K/opt/ros/kinetic/include/ros/ros.h:40:0[m[K,
                 from [01m[K/home/pradheep/neo_int_ws/src/neo_robot/scripts/move_base_node.cpp:1[m[K:
[01m[K/home/pradheep/neo_int_ws/src/neo_robot/scripts/move_base_node.cpp:[m[K In function â€˜[01m[Kint main(int, char**)[m[Kâ€™:
[01m[K/home/pradheep/neo_int_ws/src/neo_robot/scripts/move_base_node.cpp:20:26:[m[K [01;31m[Kerror: [m[Kâ€˜[01m[Ky_list[m[Kâ€™ was not declared in this scope
  ROS_INFO_STREAM("size"<<y_list.size());
[01;32m[K                          ^[m[K
[01m[K/opt/ros/kinetic/include/ros/console.h:356:64:[m[K [01;36m[Knote: [m[Kin definition of macro â€˜[01m[KROSCONSOLE_PRINT_STREAM_AT_LOCATION_WITH_FILTER[m[Kâ€™
     __rosconsole_print_stream_at_location_with_filter__ss__ << args; \
[01;32m[K                                                                ^[m[K
[01m[K/opt/ros/kinetic/include/ros/console.h:398:7:[m[K [01;36m[Knote: [m[Kin expansion of macro â€˜[01m[KROSCONSOLE_PRINT_STREAM_AT_LOCATION[m[Kâ€™
       ROSCONSOLE_PRINT_STREAM_AT_LOCATION(args); \
[01;32m[K       ^[m[K
[01m[K/opt/ros/kinetic/include/ros/console.h:568:43:[m[K [01;36m[Knote: [m[Kin expansion of macro â€˜[01m[KROS_LOG_STREAM_COND[m[Kâ€™
 #define ROS_LOG_STREAM(level, name, args) ROS_LOG_STREAM_COND(true, level, name, args)
[01;32m[K                                           ^[m[K
[01m[K/opt/ros/kinetic/include/rosconsole/macros_generated.h:111:31:[m[K [01;36m[Knote: [m[Kin expansion of macro â€˜[01m[KROS_LOG_STREAM[m[Kâ€™
 #define ROS_INFO_STREAM(args) ROS_LOG_STREAM(::ros::console::levels::Info, ROSCONSOLE_DEFAULT_NAME, args)
[01;32m[K                               ^[m[K
[01m[K/home/pradheep/neo_int_ws/src/neo_robot/scripts/move_base_node.cpp:20:2:[m[K [01;36m[Knote: [m[Kin expansion of macro â€˜[01m[KROS_INFO_STREAM[m[Kâ€™
  ROS_INFO_STREAM("size"<<y_list.size());
[01;32m[K  ^[m[K
make[2]: *** [CMakeFiles/move_base.dir/scripts/move_base_node.cpp.o] Error 1
make[1]: *** [CMakeFiles/move_base.dir/all] Error 2
make: *** [all] Error 2
